Wed May 14 18:06:27 2025       
+---------------------------------------------------------------------------------------+
| NVIDIA-SMI 535.161.07             Driver Version: 535.161.07   CUDA Version: 12.2     |
|-----------------------------------------+----------------------+----------------------+
| GPU  Name                 Persistence-M | Bus-Id        Disp.A | Volatile Uncorr. ECC |
| Fan  Temp   Perf          Pwr:Usage/Cap |         Memory-Usage | GPU-Util  Compute M. |
|                                         |                      |               MIG M. |
|=========================================+======================+======================|
|   0  NVIDIA RTX A6000               On  | 00000000:E1:00.0 Off |                  Off |
| 30%   38C    P8              20W / 300W |      1MiB / 49140MiB |      0%      Default |
|                                         |                      |                  N/A |
+-----------------------------------------+----------------------+----------------------+
                                                                                         
+---------------------------------------------------------------------------------------+
| Processes:                                                                            |
|  GPU   GI   CI        PID   Type   Process name                            GPU Memory |
|        ID   ID                                                             Usage      |
|=======================================================================================|
|  No running processes found                                                           |
+---------------------------------------------------------------------------------------+
set CUDA_VISIBLE_DEVICES as 0
Found 1201 scene graph files in train split.
Folder:  /nfs/data_todi/jli/Alessio_works/data_multi3dreder/
Scene graphs path:  /nfs/data_todi/jli/Alessio_works/data_multi3dreder/multi3drefer/scene_graphs_train.json
Found 312 scene graph files in val split.
Folder:  /nfs/data_todi/jli/Alessio_works/data_multi3dreder/
Scene graphs path:  /nfs/data_todi/jli/Alessio_works/data_multi3dreder/multi3drefer/scene_graphs_val.json
